<?xml version="1.0" encoding="UTF-8"?>
<robot generator="Robot 3.1.2 (Python 3.8.1 on darwin)" generated="20200214 17:15:02.595" rpa="false">
<suite id="s1" name="Project" source="/Users/alyonalarinova/PycharmProjects/testproject/tests/project.robot">
<test id="s1-t1" name="001 - scenario Login Success">
<kw name="Open the login page" library="resource">
<kw name="Open Browser" library="SeleniumLibrary">
<doc>Opens a new browser instance to the optional ``url``.</doc>
<arguments>
<arg>${URL}login</arg>
<arg>firefox</arg>
</arguments>
<msg timestamp="20200214 17:15:03.406" level="INFO">Opening browser 'firefox' to base url 'https://the-internet.herokuapp.com/login'.</msg>
<msg timestamp="20200214 17:15:03.412" level="INFO">Firefox driver log is always forced to to: /Users/alyonalarinova/PycharmProjects/testproject/results/geckodriver-1.log</msg>
<status status="PASS" starttime="20200214 17:15:03.403" endtime="20200214 17:15:20.341"></status>
</kw>
<kw name="Wait Until Element Is Visible" library="SeleniumLibrary">
<doc>Waits until the element ``locator`` is visible.</doc>
<arguments>
<arg>${USERNAME_FLD}</arg>
<arg>${DEFAULT_TIMEOUT}</arg>
</arguments>
<status status="PASS" starttime="20200214 17:15:20.343" endtime="20200214 17:15:20.466"></status>
</kw>
<status status="PASS" starttime="20200214 17:15:03.399" endtime="20200214 17:15:20.466"></status>
</kw>
<kw name="Type valid username and password" library="resource">
<kw name="Input Text" library="SeleniumLibrary">
<doc>Types the given ``text`` into the text field identified by ``locator``.</doc>
<arguments>
<arg>${USERNAME_FLD}</arg>
<arg>${USERNAME_VALID}</arg>
</arguments>
<msg timestamp="20200214 17:15:20.469" level="INFO">Typing text 'tomsmith' into text field 'id=username'.</msg>
<status status="PASS" starttime="20200214 17:15:20.468" endtime="20200214 17:15:20.633"></status>
</kw>
<kw name="Input Text" library="SeleniumLibrary">
<doc>Types the given ``text`` into the text field identified by ``locator``.</doc>
<arguments>
<arg>${PASSWORD_FLD}</arg>
<arg>${PASSWORD_VALID}</arg>
</arguments>
<msg timestamp="20200214 17:15:20.636" level="INFO">Typing text 'SuperSecretPassword!' into text field 'id=password'.</msg>
<status status="PASS" starttime="20200214 17:15:20.634" endtime="20200214 17:15:20.790"></status>
</kw>
<kw name="Click Element" library="SeleniumLibrary">
<doc>Click the element identified by ``locator``.</doc>
<arguments>
<arg>${SUBMIT_BTN}</arg>
</arguments>
<msg timestamp="20200214 17:15:20.792" level="INFO">Clicking element 'xpath=//form[@id='login']//button[@type='submit']'.</msg>
<status status="PASS" starttime="20200214 17:15:20.791" endtime="20200214 17:15:21.688"></status>
</kw>
<status status="PASS" starttime="20200214 17:15:20.467" endtime="20200214 17:15:21.688"></status>
</kw>
<kw name="Check that the login was successful" library="resource">
<kw name="Wait Until Element Is Visible" library="SeleniumLibrary">
<doc>Waits until the element ``locator`` is visible.</doc>
<arguments>
<arg>${LOGIN_SUCCESS_TXT}</arg>
<arg>${DEFAULT_TIMEOUT}</arg>
</arguments>
<status status="PASS" starttime="20200214 17:15:21.691" endtime="20200214 17:15:21.813"></status>
</kw>
<kw name="Wait Until Element Is Not Visible" library="SeleniumLibrary">
<doc>Waits until the element ``locator`` is not visible.</doc>
<arguments>
<arg>${USERNAME_FLD}</arg>
</arguments>
<status status="PASS" starttime="20200214 17:15:21.814" endtime="20200214 17:15:21.852"></status>
</kw>
<kw name="Wait Until Page Contains" library="SeleniumLibrary">
<doc>Waits until ``text`` appears on the current page.</doc>
<arguments>
<arg>You logged into a secure area</arg>
</arguments>
<status status="PASS" starttime="20200214 17:15:21.852" endtime="20200214 17:15:21.901"></status>
</kw>
<status status="PASS" starttime="20200214 17:15:21.689" endtime="20200214 17:15:21.902"></status>
</kw>
<status status="PASS" starttime="20200214 17:15:03.398" endtime="20200214 17:15:21.907" critical="yes"></status>
</test>
<test id="s1-t2" name="002 - scenario Login failure 1">
<kw name="Open the login page" library="resource">
<kw name="Open Browser" library="SeleniumLibrary">
<doc>Opens a new browser instance to the optional ``url``.</doc>
<arguments>
<arg>${URL}login</arg>
<arg>firefox</arg>
</arguments>
<msg timestamp="20200214 17:15:21.917" level="INFO">Opening browser 'firefox' to base url 'https://the-internet.herokuapp.com/login'.</msg>
<msg timestamp="20200214 17:15:21.921" level="INFO">Firefox driver log is always forced to to: /Users/alyonalarinova/PycharmProjects/testproject/results/geckodriver-2.log</msg>
<status status="PASS" starttime="20200214 17:15:21.915" endtime="20200214 17:15:36.815"></status>
</kw>
<kw name="Wait Until Element Is Visible" library="SeleniumLibrary">
<doc>Waits until the element ``locator`` is visible.</doc>
<arguments>
<arg>${USERNAME_FLD}</arg>
<arg>${DEFAULT_TIMEOUT}</arg>
</arguments>
<status status="PASS" starttime="20200214 17:15:36.815" endtime="20200214 17:15:36.925"></status>
</kw>
<status status="PASS" starttime="20200214 17:15:21.914" endtime="20200214 17:15:36.925"></status>
</kw>
<kw name="Type invalid username and valid password" library="resource">
<kw name="Input Text" library="SeleniumLibrary">
<doc>Types the given ``text`` into the text field identified by ``locator``.</doc>
<arguments>
<arg>${USERNAME_FLD}</arg>
<arg>${USERNAME_INVALID}</arg>
</arguments>
<msg timestamp="20200214 17:15:36.928" level="INFO">Typing text 'qwerty' into text field 'id=username'.</msg>
<status status="PASS" starttime="20200214 17:15:36.927" endtime="20200214 17:15:37.068"></status>
</kw>
<kw name="Input Text" library="SeleniumLibrary">
<doc>Types the given ``text`` into the text field identified by ``locator``.</doc>
<arguments>
<arg>${PASSWORD_FLD}</arg>
<arg>${PASSWORD_VALID}</arg>
</arguments>
<msg timestamp="20200214 17:15:37.070" level="INFO">Typing text 'SuperSecretPassword!' into text field 'id=password'.</msg>
<status status="PASS" starttime="20200214 17:15:37.068" endtime="20200214 17:15:37.186"></status>
</kw>
<kw name="Click Element" library="SeleniumLibrary">
<doc>Click the element identified by ``locator``.</doc>
<arguments>
<arg>${SUBMIT_BTN}</arg>
</arguments>
<msg timestamp="20200214 17:15:37.187" level="INFO">Clicking element 'xpath=//form[@id='login']//button[@type='submit']'.</msg>
<status status="PASS" starttime="20200214 17:15:37.186" endtime="20200214 17:15:38.068"></status>
</kw>
<status status="PASS" starttime="20200214 17:15:36.926" endtime="20200214 17:15:38.068"></status>
</kw>
<kw name="Check the error message when username is not valid" library="resource">
<kw name="Wait Until Element Is Visible" library="SeleniumLibrary">
<doc>Waits until the element ``locator`` is visible.</doc>
<arguments>
<arg>${LOGIN_ERROR}</arg>
<arg>${DEFAULT_TIMEOUT}</arg>
</arguments>
<status status="PASS" starttime="20200214 17:15:38.071" endtime="20200214 17:15:38.152"></status>
</kw>
<kw name="Wait Until Page Contains" library="SeleniumLibrary">
<doc>Waits until ``text`` appears on the current page.</doc>
<arguments>
<arg>Your username is invalid</arg>
</arguments>
<status status="PASS" starttime="20200214 17:15:38.152" endtime="20200214 17:15:38.167"></status>
</kw>
<kw name="Close Browser" library="SeleniumLibrary">
<doc>Closes the current browser.</doc>
<status status="PASS" starttime="20200214 17:15:38.168" endtime="20200214 17:15:41.836"></status>
</kw>
<status status="PASS" starttime="20200214 17:15:38.069" endtime="20200214 17:15:41.836"></status>
</kw>
<status status="PASS" starttime="20200214 17:15:21.913" endtime="20200214 17:15:41.837" critical="yes"></status>
</test>
<test id="s1-t3" name="003 - scenario Login failure 2">
<kw name="Open the login page" library="resource">
<kw name="Open Browser" library="SeleniumLibrary">
<doc>Opens a new browser instance to the optional ``url``.</doc>
<arguments>
<arg>${URL}login</arg>
<arg>firefox</arg>
</arguments>
<msg timestamp="20200214 17:15:41.841" level="INFO">Opening browser 'firefox' to base url 'https://the-internet.herokuapp.com/login'.</msg>
<msg timestamp="20200214 17:15:41.842" level="INFO">Firefox driver log is always forced to to: /Users/alyonalarinova/PycharmProjects/testproject/results/geckodriver-3.log</msg>
<status status="PASS" starttime="20200214 17:15:41.840" endtime="20200214 17:15:52.005"></status>
</kw>
<kw name="Wait Until Element Is Visible" library="SeleniumLibrary">
<doc>Waits until the element ``locator`` is visible.</doc>
<arguments>
<arg>${USERNAME_FLD}</arg>
<arg>${DEFAULT_TIMEOUT}</arg>
</arguments>
<status status="PASS" starttime="20200214 17:15:52.006" endtime="20200214 17:15:52.093"></status>
</kw>
<status status="PASS" starttime="20200214 17:15:41.839" endtime="20200214 17:15:52.094"></status>
</kw>
<kw name="Type valid username and invalid password" library="resource">
<kw name="Input Text" library="SeleniumLibrary">
<doc>Types the given ``text`` into the text field identified by ``locator``.</doc>
<arguments>
<arg>${USERNAME_FLD}</arg>
<arg>${USERNAME_VALID}</arg>
</arguments>
<msg timestamp="20200214 17:15:52.095" level="INFO">Typing text 'tomsmith' into text field 'id=username'.</msg>
<status status="PASS" starttime="20200214 17:15:52.095" endtime="20200214 17:15:52.178"></status>
</kw>
<kw name="Input Text" library="SeleniumLibrary">
<doc>Types the given ``text`` into the text field identified by ``locator``.</doc>
<arguments>
<arg>${PASSWORD_FLD}</arg>
<arg>${PASSWORD_INVALID}</arg>
</arguments>
<msg timestamp="20200214 17:15:52.179" level="INFO">Typing text 'SuperSecret' into text field 'id=password'.</msg>
<status status="PASS" starttime="20200214 17:15:52.178" endtime="20200214 17:15:52.265"></status>
</kw>
<kw name="Click Element" library="SeleniumLibrary">
<doc>Click the element identified by ``locator``.</doc>
<arguments>
<arg>${SUBMIT_BTN}</arg>
</arguments>
<msg timestamp="20200214 17:15:52.267" level="INFO">Clicking element 'xpath=//form[@id='login']//button[@type='submit']'.</msg>
<status status="PASS" starttime="20200214 17:15:52.266" endtime="20200214 17:15:53.058"></status>
</kw>
<status status="PASS" starttime="20200214 17:15:52.094" endtime="20200214 17:15:53.059"></status>
</kw>
<kw name="Check the error message when password is not valid" library="resource">
<kw name="Wait Until Element Is Visible" library="SeleniumLibrary">
<doc>Waits until the element ``locator`` is visible.</doc>
<arguments>
<arg>${LOGIN_ERROR}</arg>
<arg>${DEFAULT_TIMEOUT}</arg>
</arguments>
<status status="PASS" starttime="20200214 17:15:53.061" endtime="20200214 17:15:53.166"></status>
</kw>
<kw name="Wait Until Page Contains" library="SeleniumLibrary">
<doc>Waits until ``text`` appears on the current page.</doc>
<arguments>
<arg>Your password is invalid</arg>
</arguments>
<status status="PASS" starttime="20200214 17:15:53.166" endtime="20200214 17:15:53.242"></status>
</kw>
<kw name="Close Browser" library="SeleniumLibrary">
<doc>Closes the current browser.</doc>
<status status="PASS" starttime="20200214 17:15:53.242" endtime="20200214 17:15:57.617"></status>
</kw>
<status status="PASS" starttime="20200214 17:15:53.059" endtime="20200214 17:15:57.617"></status>
</kw>
<status status="PASS" starttime="20200214 17:15:41.838" endtime="20200214 17:15:57.617" critical="yes"></status>
</test>
<test id="s1-t4" name="004 - scenario Hovers">
<kw name="Open the hovers page" library="resource">
<kw name="Open Browser" library="SeleniumLibrary">
<doc>Opens a new browser instance to the optional ``url``.</doc>
<arguments>
<arg>${URL}hovers</arg>
<arg>firefox</arg>
</arguments>
<msg timestamp="20200214 17:15:57.622" level="INFO">Opening browser 'firefox' to base url 'https://the-internet.herokuapp.com/hovers'.</msg>
<msg timestamp="20200214 17:15:57.623" level="INFO">Firefox driver log is always forced to to: /Users/alyonalarinova/PycharmProjects/testproject/results/geckodriver-4.log</msg>
<status status="PASS" starttime="20200214 17:15:57.621" endtime="20200214 17:16:14.184"></status>
</kw>
<status status="PASS" starttime="20200214 17:15:57.621" endtime="20200214 17:16:14.188"></status>
</kw>
<kw name="Check if 3 avatar pictures are present" library="resource">
<kw name="Wait Until Element Is Visible" library="SeleniumLibrary">
<doc>Waits until the element ``locator`` is visible.</doc>
<arguments>
<arg>${AVATAR_1}</arg>
<arg>${DEFAULT_TIMEOUT}</arg>
</arguments>
<status status="PASS" starttime="20200214 17:16:14.194" endtime="20200214 17:16:14.299"></status>
</kw>
<kw name="Wait Until Element Is Visible" library="SeleniumLibrary">
<doc>Waits until the element ``locator`` is visible.</doc>
<arguments>
<arg>${AVATAR_2}</arg>
<arg>${DEFAULT_TIMEOUT}</arg>
</arguments>
<status status="PASS" starttime="20200214 17:16:14.299" endtime="20200214 17:16:14.405"></status>
</kw>
<kw name="Wait Until Element Is Visible" library="SeleniumLibrary">
<doc>Waits until the element ``locator`` is visible.</doc>
<arguments>
<arg>${AVATAR_3}</arg>
<arg>${DEFAULT_TIMEOUT}</arg>
</arguments>
<status status="PASS" starttime="20200214 17:16:14.405" endtime="20200214 17:16:14.516"></status>
</kw>
<status status="PASS" starttime="20200214 17:16:14.191" endtime="20200214 17:16:14.517"></status>
</kw>
<kw name="Verify the username for the hover state of the avatar 1" library="resource">
<kw name="Mouse Over" library="SeleniumLibrary">
<doc>Simulates hovering the mouse over the element ``locator``.</doc>
<arguments>
<arg>${AVATAR_1}</arg>
</arguments>
<msg timestamp="20200214 17:16:14.521" level="INFO">Simulating Mouse Over on element 'xpath=(//div[@class='figure']//img[@alt='User Avatar'])[1]'.</msg>
<status status="PASS" starttime="20200214 17:16:14.519" endtime="20200214 17:16:14.869"></status>
</kw>
<kw name="Wait Until Element Is Visible" library="SeleniumLibrary">
<doc>Waits until the element ``locator`` is visible.</doc>
<arguments>
<arg>${USERNAME_ONHOVER_1}</arg>
<arg>${DEFAULT_TIMEOUT}</arg>
</arguments>
<status status="PASS" starttime="20200214 17:16:14.869" endtime="20200214 17:16:14.972"></status>
</kw>
<kw name="Wait Until Page Contains" library="SeleniumLibrary">
<doc>Waits until ``text`` appears on the current page.</doc>
<arguments>
<arg>name: user1</arg>
<arg>${DEFAULT_TIMEOUT}</arg>
</arguments>
<status status="PASS" starttime="20200214 17:16:14.973" endtime="20200214 17:16:15.017"></status>
</kw>
<status status="PASS" starttime="20200214 17:16:14.518" endtime="20200214 17:16:15.017"></status>
</kw>
<kw name="Verify the username for the hover state of the avatar 2" library="resource">
<kw name="Mouse Over" library="SeleniumLibrary">
<doc>Simulates hovering the mouse over the element ``locator``.</doc>
<arguments>
<arg>${AVATAR_2}</arg>
</arguments>
<msg timestamp="20200214 17:16:15.019" level="INFO">Simulating Mouse Over on element 'xpath=(//div[@class='figure']//img[@alt='User Avatar'])[2]'.</msg>
<status status="PASS" starttime="20200214 17:16:15.018" endtime="20200214 17:16:15.369"></status>
</kw>
<kw name="Wait Until Element Is Visible" library="SeleniumLibrary">
<doc>Waits until the element ``locator`` is visible.</doc>
<arguments>
<arg>${USERNAME_ONHOVER_2}</arg>
<arg>${DEFAULT_TIMEOUT}</arg>
</arguments>
<status status="PASS" starttime="20200214 17:16:15.370" endtime="20200214 17:16:15.464"></status>
</kw>
<kw name="Wait Until Page Contains" library="SeleniumLibrary">
<doc>Waits until ``text`` appears on the current page.</doc>
<arguments>
<arg>name: user2</arg>
</arguments>
<status status="PASS" starttime="20200214 17:16:15.464" endtime="20200214 17:16:15.481"></status>
</kw>
<status status="PASS" starttime="20200214 17:16:15.018" endtime="20200214 17:16:15.482"></status>
</kw>
<kw name="Verify the username for the hover state of the avatar 3" library="resource">
<kw name="Mouse Over" library="SeleniumLibrary">
<doc>Simulates hovering the mouse over the element ``locator``.</doc>
<arguments>
<arg>${AVATAR_3}</arg>
</arguments>
<msg timestamp="20200214 17:16:15.483" level="INFO">Simulating Mouse Over on element 'xpath=(//div[@class='figure']//img[@alt='User Avatar'])[3]'.</msg>
<status status="PASS" starttime="20200214 17:16:15.483" endtime="20200214 17:16:15.820"></status>
</kw>
<kw name="Wait Until Element Is Visible" library="SeleniumLibrary">
<doc>Waits until the element ``locator`` is visible.</doc>
<arguments>
<arg>${USERNAME_ONHOVER_3}</arg>
<arg>${DEFAULT_TIMEOUT}</arg>
</arguments>
<status status="PASS" starttime="20200214 17:16:15.820" endtime="20200214 17:16:15.868"></status>
</kw>
<kw name="Wait Until Page Contains" library="SeleniumLibrary">
<doc>Waits until ``text`` appears on the current page.</doc>
<arguments>
<arg>name: user3</arg>
</arguments>
<status status="PASS" starttime="20200214 17:16:15.868" endtime="20200214 17:16:15.883"></status>
</kw>
<kw name="Close Browser" library="SeleniumLibrary">
<doc>Closes the current browser.</doc>
<status status="PASS" starttime="20200214 17:16:15.884" endtime="20200214 17:16:18.772"></status>
</kw>
<status status="PASS" starttime="20200214 17:16:15.482" endtime="20200214 17:16:18.772"></status>
</kw>
<status status="PASS" starttime="20200214 17:15:57.618" endtime="20200214 17:16:18.773" critical="yes"></status>
</test>
<test id="s1-t5" name="005 - scenario sortable data table">
<kw name="Open the tables page" library="resource">
<kw name="Open Browser" library="SeleniumLibrary">
<doc>Opens a new browser instance to the optional ``url``.</doc>
<arguments>
<arg>${URL}tables</arg>
<arg>firefox</arg>
</arguments>
<msg timestamp="20200214 17:16:18.779" level="INFO">Opening browser 'firefox' to base url 'https://the-internet.herokuapp.com/tables'.</msg>
<msg timestamp="20200214 17:16:18.782" level="INFO">Firefox driver log is always forced to to: /Users/alyonalarinova/PycharmProjects/testproject/results/geckodriver-5.log</msg>
<status status="PASS" starttime="20200214 17:16:18.778" endtime="20200214 17:16:30.269"></status>
</kw>
<status status="PASS" starttime="20200214 17:16:18.777" endtime="20200214 17:16:30.271"></status>
</kw>
<kw name="Click on the last name at the table number 2" library="resource">
<kw name="Wait Until Element Is Visible" library="SeleniumLibrary">
<doc>Waits until the element ``locator`` is visible.</doc>
<arguments>
<arg>${TABLE_LAST_NAME_HEADER_BTN}</arg>
</arguments>
<status status="PASS" starttime="20200214 17:16:30.273" endtime="20200214 17:16:30.398"></status>
</kw>
<kw name="Click Element" library="SeleniumLibrary">
<doc>Click the element identified by ``locator``.</doc>
<arguments>
<arg>${TABLE_LAST_NAME_HEADER_BTN}</arg>
</arguments>
<msg timestamp="20200214 17:16:30.399" level="INFO">Clicking element 'xpath=//table[@id='table2']//span[@class='last-name']'.</msg>
<status status="PASS" starttime="20200214 17:16:30.398" endtime="20200214 17:16:30.665"></status>
</kw>
<kw name="Sleep" library="BuiltIn">
<doc>Pauses the test executed for the given time.</doc>
<arguments>
<arg>3 seconds</arg>
</arguments>
<msg timestamp="20200214 17:16:33.667" level="INFO">Slept 3 seconds</msg>
<status status="PASS" starttime="20200214 17:16:30.665" endtime="20200214 17:16:33.668"></status>
</kw>
<status status="PASS" starttime="20200214 17:16:30.271" endtime="20200214 17:16:33.668"></status>
</kw>
<kw name="Check the ascending order" library="resource">
<kw name="Wait Until Element Is Visible" library="SeleniumLibrary">
<doc>Waits until the element ``locator`` is visible.</doc>
<arguments>
<arg>${TABLE2_LASTNAME_1}</arg>
</arguments>
<status status="PASS" starttime="20200214 17:16:33.669" endtime="20200214 17:16:33.724"></status>
</kw>
<kw name="Element Text Should Be" library="SeleniumLibrary">
<doc>Verifies that element ``locator`` contains exact the text ``expected``.</doc>
<arguments>
<arg>${TABLE2_LASTNAME_1}</arg>
<arg>Bach</arg>
</arguments>
<msg timestamp="20200214 17:16:33.724" level="INFO">Verifying element 'xpath=(//table[@id='table2']//td[@class='last-name'])[1]' contains exact text 'Bach'.</msg>
<status status="PASS" starttime="20200214 17:16:33.724" endtime="20200214 17:16:33.758"></status>
</kw>
<kw name="Element Text Should Be" library="SeleniumLibrary">
<doc>Verifies that element ``locator`` contains exact the text ``expected``.</doc>
<arguments>
<arg>${TABLE2_LASTNAME_2}</arg>
<arg>Conway</arg>
</arguments>
<msg timestamp="20200214 17:16:33.758" level="INFO">Verifying element 'xpath=(//table[@id='table2']//td[@class='last-name'])[2]' contains exact text 'Conway'.</msg>
<status status="PASS" starttime="20200214 17:16:33.758" endtime="20200214 17:16:33.793"></status>
</kw>
<kw name="Element Text Should Be" library="SeleniumLibrary">
<doc>Verifies that element ``locator`` contains exact the text ``expected``.</doc>
<arguments>
<arg>${TABLE2_LASTNAME_3}</arg>
<arg>Doe</arg>
</arguments>
<msg timestamp="20200214 17:16:33.794" level="INFO">Verifying element 'xpath=(//table[@id='table2']//td[@class='last-name'])[3]' contains exact text 'Doe'.</msg>
<status status="PASS" starttime="20200214 17:16:33.793" endtime="20200214 17:16:33.816"></status>
</kw>
<kw name="Element Text Should Be" library="SeleniumLibrary">
<doc>Verifies that element ``locator`` contains exact the text ``expected``.</doc>
<arguments>
<arg>${TABLE2_LASTNAME_4}</arg>
<arg>Smith</arg>
</arguments>
<msg timestamp="20200214 17:16:33.817" level="INFO">Verifying element 'xpath=(//table[@id='table2']//td[@class='last-name'])[4]' contains exact text 'Smith'.</msg>
<status status="PASS" starttime="20200214 17:16:33.817" endtime="20200214 17:16:33.839"></status>
</kw>
<status status="PASS" starttime="20200214 17:16:33.668" endtime="20200214 17:16:33.840"></status>
</kw>
<kw name="Click on the last name at the table number 2" library="resource">
<kw name="Wait Until Element Is Visible" library="SeleniumLibrary">
<doc>Waits until the element ``locator`` is visible.</doc>
<arguments>
<arg>${TABLE_LAST_NAME_HEADER_BTN}</arg>
</arguments>
<status status="PASS" starttime="20200214 17:16:33.841" endtime="20200214 17:16:33.904"></status>
</kw>
<kw name="Click Element" library="SeleniumLibrary">
<doc>Click the element identified by ``locator``.</doc>
<arguments>
<arg>${TABLE_LAST_NAME_HEADER_BTN}</arg>
</arguments>
<msg timestamp="20200214 17:16:33.905" level="INFO">Clicking element 'xpath=//table[@id='table2']//span[@class='last-name']'.</msg>
<status status="PASS" starttime="20200214 17:16:33.904" endtime="20200214 17:16:34.151"></status>
</kw>
<kw name="Sleep" library="BuiltIn">
<doc>Pauses the test executed for the given time.</doc>
<arguments>
<arg>3 seconds</arg>
</arguments>
<msg timestamp="20200214 17:16:37.152" level="INFO">Slept 3 seconds</msg>
<status status="PASS" starttime="20200214 17:16:34.151" endtime="20200214 17:16:37.152"></status>
</kw>
<status status="PASS" starttime="20200214 17:16:33.840" endtime="20200214 17:16:37.153"></status>
</kw>
<kw name="Check the decending order" library="resource">
<kw name="Wait Until Element Is Visible" library="SeleniumLibrary">
<doc>Waits until the element ``locator`` is visible.</doc>
<arguments>
<arg>${TABLE2_LASTNAME_1}</arg>
</arguments>
<status status="PASS" starttime="20200214 17:16:37.154" endtime="20200214 17:16:37.194"></status>
</kw>
<kw name="Element Text Should Be" library="SeleniumLibrary">
<doc>Verifies that element ``locator`` contains exact the text ``expected``.</doc>
<arguments>
<arg>${TABLE2_LASTNAME_1}</arg>
<arg>Smith</arg>
</arguments>
<msg timestamp="20200214 17:16:37.194" level="INFO">Verifying element 'xpath=(//table[@id='table2']//td[@class='last-name'])[1]' contains exact text 'Smith'.</msg>
<status status="PASS" starttime="20200214 17:16:37.194" endtime="20200214 17:16:37.218"></status>
</kw>
<kw name="Element Text Should Be" library="SeleniumLibrary">
<doc>Verifies that element ``locator`` contains exact the text ``expected``.</doc>
<arguments>
<arg>${TABLE2_LASTNAME_2}</arg>
<arg>Doe</arg>
</arguments>
<msg timestamp="20200214 17:16:37.219" level="INFO">Verifying element 'xpath=(//table[@id='table2']//td[@class='last-name'])[2]' contains exact text 'Doe'.</msg>
<status status="PASS" starttime="20200214 17:16:37.218" endtime="20200214 17:16:37.254"></status>
</kw>
<kw name="Element Text Should Be" library="SeleniumLibrary">
<doc>Verifies that element ``locator`` contains exact the text ``expected``.</doc>
<arguments>
<arg>${TABLE2_LASTNAME_3}</arg>
<arg>Conway</arg>
</arguments>
<msg timestamp="20200214 17:16:37.255" level="INFO">Verifying element 'xpath=(//table[@id='table2']//td[@class='last-name'])[3]' contains exact text 'Conway'.</msg>
<status status="PASS" starttime="20200214 17:16:37.255" endtime="20200214 17:16:37.277"></status>
</kw>
<kw name="Element Text Should Be" library="SeleniumLibrary">
<doc>Verifies that element ``locator`` contains exact the text ``expected``.</doc>
<arguments>
<arg>${TABLE2_LASTNAME_4}</arg>
<arg>Bach</arg>
</arguments>
<msg timestamp="20200214 17:16:37.278" level="INFO">Verifying element 'xpath=(//table[@id='table2']//td[@class='last-name'])[4]' contains exact text 'Bach'.</msg>
<status status="PASS" starttime="20200214 17:16:37.277" endtime="20200214 17:16:37.305"></status>
</kw>
<status status="PASS" starttime="20200214 17:16:37.153" endtime="20200214 17:16:37.306"></status>
</kw>
<status status="PASS" starttime="20200214 17:16:18.776" endtime="20200214 17:16:37.306" critical="yes"></status>
</test>
<status status="PASS" starttime="20200214 17:15:02.598" endtime="20200214 17:16:37.312"></status>
</suite>
<statistics>
<total>
<stat pass="5" fail="0">Critical Tests</stat>
<stat pass="5" fail="0">All Tests</stat>
</total>
<tag>
</tag>
<suite>
<stat pass="5" fail="0" id="s1" name="Project">Project</stat>
</suite>
</statistics>
<errors>
</errors>
</robot>
